<?xml version="1.0" encoding="UTF-8"?>
<testsuites name="New Test Suite" time="13.095" tests="1" failures="0" errors="0">
   <testsuite name="New Test Suite" tests="1" failures="0" errors="0" time="13.095" skipped="0" timestamp="18-03-2025T08:01:47" hostname="ebiig - desktop" id="Test Suites/New Test Suite">
      <properties>
         <property name="deviceName" value=""/>
         <property name="devicePlatform"/>
         <property name="logFolder" value="C:\\Users\\ebiig\\Katalon Studio\\My First Web UI Project\\Reports\\20250318_080133\\New Test Suite\\20250318_080133"/>
         <property name="logFiles" value="C:\\Users\\ebiig\\Katalon Studio\\My First Web UI Project\\Reports\\20250318_080133\\New Test Suite\\20250318_080133\\execution0.log"/>
         <property name="attachments" value=""/>
         <property name="hostName" value="ebiig - desktop"/>
         <property name="os" value="Windows 11 64bit"/>
         <property name="katalonVersion" value="10.1.1.0"/>
         <property name="browser" value="Chrome 134.0.6998.89"/>
         <property name="hostAddress" value="192.168.56.1"/>
         <property name="sessionId" value="7877760fc12eb71d40a6cac6a05abdb8"/>
         <property name="seleniumVersion" value="4.22.0"/>
         <property name="proxyInformation" value="ProxyInformation { proxyOption=NO_PROXY, proxyServerType=HTTP, username=, password=********, proxyServerAddress=, proxyServerPort=0, executionList=&quot;&quot;, isApplyToDesiredCapabilities=true }"/>
         <property name="platform" value="Windows 11"/>
      </properties>
      <testcase name="Test Cases/New Test Case" time="12.541" classname="Test Cases/New Test Case" status="PASSED">
         <system-out><![CDATA[18-03-2025T08:01:48 - [TEST_CASE][PASSED] - Test Cases/New Test Case: Test Cases/New Test Case

18-03-2025T08:01:48 - [TEST_STEP][PASSED] - openBrowser(""): Browser is opened with url: ''

18-03-2025T08:01:49 - [MESSAGE][INFO] - Starting 'Chrome' driver

18-03-2025T08:01:49 - [MESSAGE][INFO] - Action delay is set to 0 milliseconds

18-03-2025T08:01:54 - [MESSAGE][PASSED] - Browser is opened with url: ''

18-03-2025T08:01:54 - [TEST_STEP][PASSED] - navigateToUrl("http://3.91.5.249/wordpress/"): Navigate to 'http://3.91.5.249/wordpress/' successfully

18-03-2025T08:01:59 - [MESSAGE][PASSED] - Navigate to 'http://3.91.5.249/wordpress/' successfully

18-03-2025T08:01:59 - [TEST_STEP][PASSED] - click(findTestObject("Object Repository/Page_Equinox Constructions/a_Equinox Constructions")): Object: 'Object Repository/Page_Equinox Constructions/a_Equinox Constructions' is clicked on

18-03-2025T08:02:00 - [MESSAGE][PASSED] - Object: 'Object Repository/Page_Equinox Constructions/a_Equinox Constructions' is clicked on]]></system-out>
         <system-err><![CDATA[]]></system-err>
      </testcase>
      <system-out><![CDATA[18-03-2025T08:01:47 - [TEST_SUITE][PASSED] - New Test Suite: Test Cases/New Test Case]]></system-out>
      <system-err><![CDATA[]]></system-err>
   </testsuite>
</testsuites>
